{"uuid":"5846295e-34dd-4087-aa4d-44a06f59643a","historyId":"7d9f092fbed435ac0c30ecf58c24e5","fullName":"contactlistapptests.RegisterTests.registerNewUserTest","labels":[{"name":"package","value":"contactlistapptests.RegisterTests"},{"name":"testClass","value":"contactlistapptests.RegisterTests"},{"name":"testMethod","value":"registerNewUserTest"},{"name":"parentSuite","value":"Default Suite"},{"name":"suite","value":"SeleniumPractice"},{"name":"subSuite","value":"contactlistapptests.RegisterTests"},{"name":"host","value":"NVNRTWHL2PY3G"},{"name":"thread","value":"43970@NVNRTWHL2PY3G.main(1)"},{"name":"framework","value":"testng"},{"name":"language","value":"java"}],"links":[],"name":"registerNewUserTest","status":"broken","statusDetails":{"known":false,"muted":false,"flaky":false,"message":"java.lang.ArrayIndexOutOfBoundsException: Index 1 out of bounds for length 1","trace":"java.lang.RuntimeException: java.lang.ArrayIndexOutOfBoundsException: Index 1 out of bounds for length 1\n\tat org.testng.internal.invokers.MethodInvocationHelper.invokeMethodNoCheckedException(MethodInvocationHelper.java:57)\n\tat org.testng.internal.invokers.MethodInvocationHelper.invokeDataProvider(MethodInvocationHelper.java:157)\n\tat org.testng.internal.Parameters.handleParameters(Parameters.java:803)\n\tat org.testng.internal.Parameters.handleParameters(Parameters.java:728)\n\tat org.testng.internal.invokers.ParameterHandler.handleParameters(ParameterHandler.java:72)\n\tat org.testng.internal.invokers.ParameterHandler.createParameters(ParameterHandler.java:51)\n\tat org.testng.internal.invokers.TestInvoker$MethodInvocationAgent.invoke(TestInvoker.java:911)\n\tat org.testng.internal.invokers.TestInvoker.invokeTestMethods(TestInvoker.java:200)\n\tat org.testng.internal.invokers.TestMethodWorker.invokeTestMethods(TestMethodWorker.java:148)\n\tat org.testng.internal.invokers.TestMethodWorker.run(TestMethodWorker.java:128)\n\tat java.base/java.util.ArrayList.forEach(ArrayList.java:1596)\n\tat org.testng.TestRunner.privateRun(TestRunner.java:848)\n\tat org.testng.TestRunner.run(TestRunner.java:621)\n\tat org.testng.SuiteRunner.runTest(SuiteRunner.java:443)\n\tat org.testng.SuiteRunner.runSequentially(SuiteRunner.java:437)\n\tat org.testng.SuiteRunner.privateRun(SuiteRunner.java:397)\n\tat org.testng.SuiteRunner.run(SuiteRunner.java:336)\n\tat org.testng.SuiteRunnerWorker.runSuite(SuiteRunnerWorker.java:52)\n\tat org.testng.SuiteRunnerWorker.run(SuiteRunnerWorker.java:95)\n\tat org.testng.TestNG.runSuitesSequentially(TestNG.java:1280)\n\tat org.testng.TestNG.runSuitesLocally(TestNG.java:1200)\n\tat org.testng.TestNG.runSuites(TestNG.java:1114)\n\tat org.testng.TestNG.run(TestNG.java:1082)\n\tat com.intellij.rt.testng.IDEARemoteTestNG.run(IDEARemoteTestNG.java:66)\n\tat com.intellij.rt.testng.RemoteTestNGStarter.main(RemoteTestNGStarter.java:105)\nCaused by: java.lang.ArrayIndexOutOfBoundsException: Index 1 out of bounds for length 1\n\tat contactlistapptests.RegisterTests.TestDataFeed(RegisterTests.java:22)\n\tat java.base/jdk.internal.reflect.DirectMethodHandleAccessor.invoke(DirectMethodHandleAccessor.java:103)\n\tat java.base/java.lang.reflect.Method.invoke(Method.java:580)\n\tat org.testng.internal.invokers.MethodInvocationHelper.invokeMethod(MethodInvocationHelper.java:139)\n\tat org.testng.internal.invokers.MethodInvocationHelper.invokeMethod(MethodInvocationHelper.java:84)\n\tat org.testng.internal.invokers.MethodInvocationHelper.invokeMethodNoCheckedException(MethodInvocationHelper.java:53)\n\t... 24 more\n"},"stage":"finished","steps":[],"attachments":[],"parameters":[],"start":1700597856274,"stop":1700597856275}